<?xml version="1.0" encoding="UTF-8"?>
<!-- Generated by org.testng.reporters.JUnitReportReporter -->
<testsuite hostname="M-Hendri-ITQA" failures="0" tests="1" name="tests.ExampleTest" time="3.307" errors="0" timestamp="2025-09-07T20:36:18 WIB" skipped="0">
  <testcase classname="tests.ExampleTest" name="pageTitleShouldContainExample" time="3.307"/>
</testsuite> <!-- tests.ExampleTest -->
